<?xml version="1.0" encoding="UTF-8"?>
<testng-results ignored="0" total="1" passed="1" failed="0" skipped="0">
  <reporter-output>
  </reporter-output>
  <suite started-at="2023-10-04T21:10:23 IST" name="Default suite" finished-at="2023-10-04T21:10:25 IST" duration-ms="1605">
    <groups>
    </groups>
    <test started-at="2023-10-04T21:10:23 IST" name="Default test" finished-at="2023-10-04T21:10:25 IST" duration-ms="1605">
      <class name="testdemo.GetandPostExample">
        <test-method signature="get()[pri:0, instance:testdemo.GetandPostExample@16e7dcfd]" started-at="2023-10-04T21:10:23 IST" name="get" finished-at="2023-10-04T21:10:25 IST" duration-ms="1572" status="PASS">
          <reporter-output>
          </reporter-output>
        </test-method> <!-- get -->
      </class> <!-- testdemo.GetandPostExample -->
    </test> <!-- Default test -->
  </suite> <!-- Default suite -->
</testng-results>
